[28-Oct-2020 13:11:22 UTC] PHP Warning:  require(/home/hrventur/ecom.hrventure.xyz/public/../vendor/autoload.php): failed to open stream: No such file or directory in /home/hrventur/ecom.hrventure.xyz/public/index.php on line 34
[28-Oct-2020 13:11:22 UTC] PHP Warning:  require(/home/hrventur/ecom.hrventure.xyz/public/../vendor/autoload.php): failed to open stream: No such file or directory in /home/hrventur/ecom.hrventure.xyz/public/index.php on line 34
[28-Oct-2020 13:11:22 UTC] PHP Fatal error:  require(): Failed opening required '/home/hrventur/ecom.hrventure.xyz/public/../vendor/autoload.php' (include_path='.:/opt/alt/php73/usr/share/pear') in /home/hrventur/ecom.hrventure.xyz/public/index.php on line 34
[29-Oct-2020 12:13:49 Asia/Dhaka] PHP Fatal error:  Uncaught ErrorException: Trying to get property 'file' of non-object in /home/hrventur/ecom.hrventure.xyz/app/Providers/AppServiceProvider.php:39
Stack trace:
#0 /home/hrventur/ecom.hrventure.xyz/app/Providers/AppServiceProvider.php(39): Illuminate\Foundation\Bootstrap\HandleExceptions->handleError(8, 'Trying to get p...', '/home/hrventur/...', 39, Array)
#1 /home/hrventur/ecom.hrventure.xyz/vendor/laravel/framework/src/Illuminate/View/Concerns/ManagesEvents.php(162): App\Providers\AppServiceProvider->App\Providers\{closure}(Object(Illuminate\View\View))
#2 /home/hrventur/ecom.hrventure.xyz/vendor/laravel/framework/src/Illuminate/Events/Dispatcher.php(388): Illuminate\View\Factory->Illuminate\View\Concerns\{closure}('composing: erro...', Array)
#3 /home/hrventur/ecom.hrventure.xyz/vendor/laravel/framework/src/Illuminate/Events/Dispatcher.php(236): Illuminate\Events\Dispatcher->Illuminate\Events\{closure}('composing: erro...', Array)
#4 /home/hrventur/ecom.hrventure.xyz/vendor/laravel/framework/src/Illuminate/ in /home/hrventur/ecom.hrventure.xyz/app/Providers/AppServiceProvider.php on line 39
[29-Oct-2020 12:13:53 Asia/Dhaka] PHP Fatal error:  Uncaught ErrorException: Trying to get property 'file' of non-object in /home/hrventur/ecom.hrventure.xyz/app/Providers/AppServiceProvider.php:39
Stack trace:
#0 /home/hrventur/ecom.hrventure.xyz/app/Providers/AppServiceProvider.php(39): Illuminate\Foundation\Bootstrap\HandleExceptions->handleError(8, 'Trying to get p...', '/home/hrventur/...', 39, Array)
#1 /home/hrventur/ecom.hrventure.xyz/vendor/laravel/framework/src/Illuminate/View/Concerns/ManagesEvents.php(162): App\Providers\AppServiceProvider->App\Providers\{closure}(Object(Illuminate\View\View))
#2 /home/hrventur/ecom.hrventure.xyz/vendor/laravel/framework/src/Illuminate/Events/Dispatcher.php(388): Illuminate\View\Factory->Illuminate\View\Concerns\{closure}('composing: erro...', Array)
#3 /home/hrventur/ecom.hrventure.xyz/vendor/laravel/framework/src/Illuminate/Events/Dispatcher.php(236): Illuminate\Events\Dispatcher->Illuminate\Events\{closure}('composing: erro...', Array)
#4 /home/hrventur/ecom.hrventure.xyz/vendor/laravel/framework/src/Illuminate/ in /home/hrventur/ecom.hrventure.xyz/app/Providers/AppServiceProvider.php on line 39
[29-Oct-2020 12:14:00 Asia/Dhaka] PHP Fatal error:  Uncaught ErrorException: Trying to get property 'file' of non-object in /home/hrventur/ecom.hrventure.xyz/app/Providers/AppServiceProvider.php:39
Stack trace:
#0 /home/hrventur/ecom.hrventure.xyz/app/Providers/AppServiceProvider.php(39): Illuminate\Foundation\Bootstrap\HandleExceptions->handleError(8, 'Trying to get p...', '/home/hrventur/...', 39, Array)
#1 /home/hrventur/ecom.hrventure.xyz/vendor/laravel/framework/src/Illuminate/View/Concerns/ManagesEvents.php(162): App\Providers\AppServiceProvider->App\Providers\{closure}(Object(Illuminate\View\View))
#2 /home/hrventur/ecom.hrventure.xyz/vendor/laravel/framework/src/Illuminate/Events/Dispatcher.php(388): Illuminate\View\Factory->Illuminate\View\Concerns\{closure}('composing: erro...', Array)
#3 /home/hrventur/ecom.hrventure.xyz/vendor/laravel/framework/src/Illuminate/Events/Dispatcher.php(236): Illuminate\Events\Dispatcher->Illuminate\Events\{closure}('composing: erro...', Array)
#4 /home/hrventur/ecom.hrventure.xyz/vendor/laravel/framework/src/Illuminate/ in /home/hrventur/ecom.hrventure.xyz/app/Providers/AppServiceProvider.php on line 39
[29-Oct-2020 12:15:37 Asia/Dhaka] PHP Fatal error:  Uncaught ErrorException: Trying to get property 'file' of non-object in /home/hrventur/ecom.hrventure.xyz/app/Providers/AppServiceProvider.php:39
Stack trace:
#0 /home/hrventur/ecom.hrventure.xyz/app/Providers/AppServiceProvider.php(39): Illuminate\Foundation\Bootstrap\HandleExceptions->handleError(8, 'Trying to get p...', '/home/hrventur/...', 39, Array)
#1 /home/hrventur/ecom.hrventure.xyz/vendor/laravel/framework/src/Illuminate/View/Concerns/ManagesEvents.php(162): App\Providers\AppServiceProvider->App\Providers\{closure}(Object(Illuminate\View\View))
#2 /home/hrventur/ecom.hrventure.xyz/vendor/laravel/framework/src/Illuminate/Events/Dispatcher.php(388): Illuminate\View\Factory->Illuminate\View\Concerns\{closure}('composing: erro...', Array)
#3 /home/hrventur/ecom.hrventure.xyz/vendor/laravel/framework/src/Illuminate/Events/Dispatcher.php(236): Illuminate\Events\Dispatcher->Illuminate\Events\{closure}('composing: erro...', Array)
#4 /home/hrventur/ecom.hrventure.xyz/vendor/laravel/framework/src/Illuminate/ in /home/hrventur/ecom.hrventure.xyz/app/Providers/AppServiceProvider.php on line 39
[29-Oct-2020 12:15:56 Asia/Dhaka] PHP Fatal error:  Uncaught ErrorException: Trying to get property 'file' of non-object in /home/hrventur/ecom.hrventure.xyz/app/Providers/AppServiceProvider.php:39
Stack trace:
#0 /home/hrventur/ecom.hrventure.xyz/app/Providers/AppServiceProvider.php(39): Illuminate\Foundation\Bootstrap\HandleExceptions->handleError(8, 'Trying to get p...', '/home/hrventur/...', 39, Array)
#1 /home/hrventur/ecom.hrventure.xyz/vendor/laravel/framework/src/Illuminate/View/Concerns/ManagesEvents.php(162): App\Providers\AppServiceProvider->App\Providers\{closure}(Object(Illuminate\View\View))
#2 /home/hrventur/ecom.hrventure.xyz/vendor/laravel/framework/src/Illuminate/Events/Dispatcher.php(388): Illuminate\View\Factory->Illuminate\View\Concerns\{closure}('composing: erro...', Array)
#3 /home/hrventur/ecom.hrventure.xyz/vendor/laravel/framework/src/Illuminate/Events/Dispatcher.php(236): Illuminate\Events\Dispatcher->Illuminate\Events\{closure}('composing: erro...', Array)
#4 /home/hrventur/ecom.hrventure.xyz/vendor/laravel/framework/src/Illuminate/ in /home/hrventur/ecom.hrventure.xyz/app/Providers/AppServiceProvider.php on line 39
[29-Oct-2020 12:19:39 Asia/Dhaka] PHP Fatal error:  Uncaught ErrorException: Trying to get property 'file' of non-object in /home/hrventur/ecom.hrventure.xyz/app/Providers/AppServiceProvider.php:39
Stack trace:
#0 /home/hrventur/ecom.hrventure.xyz/app/Providers/AppServiceProvider.php(39): Illuminate\Foundation\Bootstrap\HandleExceptions->handleError(8, 'Trying to get p...', '/home/hrventur/...', 39, Array)
#1 /home/hrventur/ecom.hrventure.xyz/vendor/laravel/framework/src/Illuminate/View/Concerns/ManagesEvents.php(162): App\Providers\AppServiceProvider->App\Providers\{closure}(Object(Illuminate\View\View))
#2 /home/hrventur/ecom.hrventure.xyz/vendor/laravel/framework/src/Illuminate/Events/Dispatcher.php(388): Illuminate\View\Factory->Illuminate\View\Concerns\{closure}('composing: erro...', Array)
#3 /home/hrventur/ecom.hrventure.xyz/vendor/laravel/framework/src/Illuminate/Events/Dispatcher.php(236): Illuminate\Events\Dispatcher->Illuminate\Events\{closure}('composing: erro...', Array)
#4 /home/hrventur/ecom.hrventure.xyz/vendor/laravel/framework/src/Illuminate/ in /home/hrventur/ecom.hrventure.xyz/app/Providers/AppServiceProvider.php on line 39
[29-Oct-2020 12:23:55 Asia/Dhaka] PHP Fatal error:  Uncaught ErrorException: Trying to get property 'file' of non-object in /home/hrventur/ecom.hrventure.xyz/app/Providers/AppServiceProvider.php:39
Stack trace:
#0 /home/hrventur/ecom.hrventure.xyz/app/Providers/AppServiceProvider.php(39): Illuminate\Foundation\Bootstrap\HandleExceptions->handleError(8, 'Trying to get p...', '/home/hrventur/...', 39, Array)
#1 /home/hrventur/ecom.hrventure.xyz/vendor/laravel/framework/src/Illuminate/View/Concerns/ManagesEvents.php(162): App\Providers\AppServiceProvider->App\Providers\{closure}(Object(Illuminate\View\View))
#2 /home/hrventur/ecom.hrventure.xyz/vendor/laravel/framework/src/Illuminate/Events/Dispatcher.php(388): Illuminate\View\Factory->Illuminate\View\Concerns\{closure}('composing: erro...', Array)
#3 /home/hrventur/ecom.hrventure.xyz/vendor/laravel/framework/src/Illuminate/Events/Dispatcher.php(236): Illuminate\Events\Dispatcher->Illuminate\Events\{closure}('composing: erro...', Array)
#4 /home/hrventur/ecom.hrventure.xyz/vendor/laravel/framework/src/Illuminate/ in /home/hrventur/ecom.hrventure.xyz/app/Providers/AppServiceProvider.php on line 39
[29-Oct-2020 12:35:30 Asia/Dhaka] PHP Fatal error:  Uncaught ErrorException: Trying to get property 'file' of non-object in /home/hrventur/ecom.hrventure.xyz/app/Providers/AppServiceProvider.php:39
Stack trace:
#0 /home/hrventur/ecom.hrventure.xyz/app/Providers/AppServiceProvider.php(39): Illuminate\Foundation\Bootstrap\HandleExceptions->handleError(8, 'Trying to get p...', '/home/hrventur/...', 39, Array)
#1 /home/hrventur/ecom.hrventure.xyz/vendor/laravel/framework/src/Illuminate/View/Concerns/ManagesEvents.php(162): App\Providers\AppServiceProvider->App\Providers\{closure}(Object(Illuminate\View\View))
#2 /home/hrventur/ecom.hrventure.xyz/vendor/laravel/framework/src/Illuminate/Events/Dispatcher.php(388): Illuminate\View\Factory->Illuminate\View\Concerns\{closure}('composing: erro...', Array)
#3 /home/hrventur/ecom.hrventure.xyz/vendor/laravel/framework/src/Illuminate/Events/Dispatcher.php(236): Illuminate\Events\Dispatcher->Illuminate\Events\{closure}('composing: erro...', Array)
#4 /home/hrventur/ecom.hrventure.xyz/vendor/laravel/framework/src/Illuminate/ in /home/hrventur/ecom.hrventure.xyz/app/Providers/AppServiceProvider.php on line 39
[29-Oct-2020 12:35:38 Asia/Dhaka] PHP Fatal error:  Uncaught ErrorException: Trying to get property 'file' of non-object in /home/hrventur/ecom.hrventure.xyz/app/Providers/AppServiceProvider.php:39
Stack trace:
#0 /home/hrventur/ecom.hrventure.xyz/app/Providers/AppServiceProvider.php(39): Illuminate\Foundation\Bootstrap\HandleExceptions->handleError(8, 'Trying to get p...', '/home/hrventur/...', 39, Array)
#1 /home/hrventur/ecom.hrventure.xyz/vendor/laravel/framework/src/Illuminate/View/Concerns/ManagesEvents.php(162): App\Providers\AppServiceProvider->App\Providers\{closure}(Object(Illuminate\View\View))
#2 /home/hrventur/ecom.hrventure.xyz/vendor/laravel/framework/src/Illuminate/Events/Dispatcher.php(388): Illuminate\View\Factory->Illuminate\View\Concerns\{closure}('composing: erro...', Array)
#3 /home/hrventur/ecom.hrventure.xyz/vendor/laravel/framework/src/Illuminate/Events/Dispatcher.php(236): Illuminate\Events\Dispatcher->Illuminate\Events\{closure}('composing: erro...', Array)
#4 /home/hrventur/ecom.hrventure.xyz/vendor/laravel/framework/src/Illuminate/ in /home/hrventur/ecom.hrventure.xyz/app/Providers/AppServiceProvider.php on line 39
[29-Oct-2020 12:36:43 Asia/Dhaka] PHP Fatal error:  Uncaught ErrorException: Trying to get property 'file' of non-object in /home/hrventur/ecom.hrventure.xyz/app/Providers/AppServiceProvider.php:39
Stack trace:
#0 /home/hrventur/ecom.hrventure.xyz/app/Providers/AppServiceProvider.php(39): Illuminate\Foundation\Bootstrap\HandleExceptions->handleError(8, 'Trying to get p...', '/home/hrventur/...', 39, Array)
#1 /home/hrventur/ecom.hrventure.xyz/vendor/laravel/framework/src/Illuminate/View/Concerns/ManagesEvents.php(162): App\Providers\AppServiceProvider->App\Providers\{closure}(Object(Illuminate\View\View))
#2 /home/hrventur/ecom.hrventure.xyz/vendor/laravel/framework/src/Illuminate/Events/Dispatcher.php(388): Illuminate\View\Factory->Illuminate\View\Concerns\{closure}('composing: erro...', Array)
#3 /home/hrventur/ecom.hrventure.xyz/vendor/laravel/framework/src/Illuminate/Events/Dispatcher.php(236): Illuminate\Events\Dispatcher->Illuminate\Events\{closure}('composing: erro...', Array)
#4 /home/hrventur/ecom.hrventure.xyz/vendor/laravel/framework/src/Illuminate/ in /home/hrventur/ecom.hrventure.xyz/app/Providers/AppServiceProvider.php on line 39
[29-Oct-2020 12:36:48 Asia/Dhaka] PHP Fatal error:  Uncaught ErrorException: Trying to get property 'file' of non-object in /home/hrventur/ecom.hrventure.xyz/app/Providers/AppServiceProvider.php:39
Stack trace:
#0 /home/hrventur/ecom.hrventure.xyz/app/Providers/AppServiceProvider.php(39): Illuminate\Foundation\Bootstrap\HandleExceptions->handleError(8, 'Trying to get p...', '/home/hrventur/...', 39, Array)
#1 /home/hrventur/ecom.hrventure.xyz/vendor/laravel/framework/src/Illuminate/View/Concerns/ManagesEvents.php(162): App\Providers\AppServiceProvider->App\Providers\{closure}(Object(Illuminate\View\View))
#2 /home/hrventur/ecom.hrventure.xyz/vendor/laravel/framework/src/Illuminate/Events/Dispatcher.php(388): Illuminate\View\Factory->Illuminate\View\Concerns\{closure}('composing: erro...', Array)
#3 /home/hrventur/ecom.hrventure.xyz/vendor/laravel/framework/src/Illuminate/Events/Dispatcher.php(236): Illuminate\Events\Dispatcher->Illuminate\Events\{closure}('composing: erro...', Array)
#4 /home/hrventur/ecom.hrventure.xyz/vendor/laravel/framework/src/Illuminate/ in /home/hrventur/ecom.hrventure.xyz/app/Providers/AppServiceProvider.php on line 39
[29-Oct-2020 17:08:46 Asia/Dhaka] PHP Fatal error:  Uncaught ReflectionException: Class view does not exist in /home/hrventur/ecom.hrventure.xyz/vendor/laravel/framework/src/Illuminate/Container/Container.php:809
Stack trace:
#0 /home/hrventur/ecom.hrventure.xyz/vendor/laravel/framework/src/Illuminate/Container/Container.php(809): ReflectionClass->__construct('view')
#1 /home/hrventur/ecom.hrventure.xyz/vendor/laravel/framework/src/Illuminate/Container/Container.php(691): Illuminate\Container\Container->build('view')
#2 /home/hrventur/ecom.hrventure.xyz/vendor/laravel/framework/src/Illuminate/Foundation/Application.php(796): Illuminate\Container\Container->resolve('view', Array, true)
#3 /home/hrventur/ecom.hrventure.xyz/vendor/laravel/framework/src/Illuminate/Container/Container.php(637): Illuminate\Foundation\Application->resolve('view', Array)
#4 /home/hrventur/ecom.hrventure.xyz/vendor/laravel/framework/src/Illuminate/Foundation/Application.php(781): Illuminate\Container\Container->make('view', Array)
#5 /home/hrventur/ecom.hrventure.xyz/vendor/laravel/fra in /home/hrventur/ecom.hrventure.xyz/vendor/laravel/framework/src/Illuminate/Container/Container.php on line 811
[29-Oct-2020 17:08:56 Asia/Dhaka] PHP Fatal error:  Uncaught ReflectionException: Class view does not exist in /home/hrventur/ecom.hrventure.xyz/vendor/laravel/framework/src/Illuminate/Container/Container.php:809
Stack trace:
#0 /home/hrventur/ecom.hrventure.xyz/vendor/laravel/framework/src/Illuminate/Container/Container.php(809): ReflectionClass->__construct('view')
#1 /home/hrventur/ecom.hrventure.xyz/vendor/laravel/framework/src/Illuminate/Container/Container.php(691): Illuminate\Container\Container->build('view')
#2 /home/hrventur/ecom.hrventure.xyz/vendor/laravel/framework/src/Illuminate/Foundation/Application.php(796): Illuminate\Container\Container->resolve('view', Array, true)
#3 /home/hrventur/ecom.hrventure.xyz/vendor/laravel/framework/src/Illuminate/Container/Container.php(637): Illuminate\Foundation\Application->resolve('view', Array)
#4 /home/hrventur/ecom.hrventure.xyz/vendor/laravel/framework/src/Illuminate/Foundation/Application.php(781): Illuminate\Container\Container->make('view', Array)
#5 /home/hrventur/ecom.hrventure.xyz/vendor/laravel/fra in /home/hrventur/ecom.hrventure.xyz/vendor/laravel/framework/src/Illuminate/Container/Container.php on line 811
[29-Oct-2020 17:09:22 Asia/Dhaka] PHP Fatal error:  Uncaught ReflectionException: Class view does not exist in /home/hrventur/ecom.hrventure.xyz/vendor/laravel/framework/src/Illuminate/Container/Container.php:809
Stack trace:
#0 /home/hrventur/ecom.hrventure.xyz/vendor/laravel/framework/src/Illuminate/Container/Container.php(809): ReflectionClass->__construct('view')
#1 /home/hrventur/ecom.hrventure.xyz/vendor/laravel/framework/src/Illuminate/Container/Container.php(691): Illuminate\Container\Container->build('view')
#2 /home/hrventur/ecom.hrventure.xyz/vendor/laravel/framework/src/Illuminate/Foundation/Application.php(796): Illuminate\Container\Container->resolve('view', Array, true)
#3 /home/hrventur/ecom.hrventure.xyz/vendor/laravel/framework/src/Illuminate/Container/Container.php(637): Illuminate\Foundation\Application->resolve('view', Array)
#4 /home/hrventur/ecom.hrventure.xyz/vendor/laravel/framework/src/Illuminate/Foundation/Application.php(781): Illuminate\Container\Container->make('view', Array)
#5 /home/hrventur/ecom.hrventure.xyz/vendor/laravel/fra in /home/hrventur/ecom.hrventure.xyz/vendor/laravel/framework/src/Illuminate/Container/Container.php on line 811
[29-Oct-2020 17:09:27 Asia/Dhaka] PHP Fatal error:  Uncaught ReflectionException: Class view does not exist in /home/hrventur/ecom.hrventure.xyz/vendor/laravel/framework/src/Illuminate/Container/Container.php:809
Stack trace:
#0 /home/hrventur/ecom.hrventure.xyz/vendor/laravel/framework/src/Illuminate/Container/Container.php(809): ReflectionClass->__construct('view')
#1 /home/hrventur/ecom.hrventure.xyz/vendor/laravel/framework/src/Illuminate/Container/Container.php(691): Illuminate\Container\Container->build('view')
#2 /home/hrventur/ecom.hrventure.xyz/vendor/laravel/framework/src/Illuminate/Foundation/Application.php(796): Illuminate\Container\Container->resolve('view', Array, true)
#3 /home/hrventur/ecom.hrventure.xyz/vendor/laravel/framework/src/Illuminate/Container/Container.php(637): Illuminate\Foundation\Application->resolve('view', Array)
#4 /home/hrventur/ecom.hrventure.xyz/vendor/laravel/framework/src/Illuminate/Foundation/Application.php(781): Illuminate\Container\Container->make('view', Array)
#5 /home/hrventur/ecom.hrventure.xyz/vendor/laravel/fra in /home/hrventur/ecom.hrventure.xyz/vendor/laravel/framework/src/Illuminate/Container/Container.php on line 811
[29-Oct-2020 17:09:40 Asia/Dhaka] PHP Fatal error:  Uncaught ReflectionException: Class view does not exist in /home/hrventur/ecom.hrventure.xyz/vendor/laravel/framework/src/Illuminate/Container/Container.php:809
Stack trace:
#0 /home/hrventur/ecom.hrventure.xyz/vendor/laravel/framework/src/Illuminate/Container/Container.php(809): ReflectionClass->__construct('view')
#1 /home/hrventur/ecom.hrventure.xyz/vendor/laravel/framework/src/Illuminate/Container/Container.php(691): Illuminate\Container\Container->build('view')
#2 /home/hrventur/ecom.hrventure.xyz/vendor/laravel/framework/src/Illuminate/Foundation/Application.php(796): Illuminate\Container\Container->resolve('view', Array, true)
#3 /home/hrventur/ecom.hrventure.xyz/vendor/laravel/framework/src/Illuminate/Container/Container.php(637): Illuminate\Foundation\Application->resolve('view', Array)
#4 /home/hrventur/ecom.hrventure.xyz/vendor/laravel/framework/src/Illuminate/Foundation/Application.php(781): Illuminate\Container\Container->make('view', Array)
#5 /home/hrventur/ecom.hrventure.xyz/vendor/laravel/fra in /home/hrventur/ecom.hrventure.xyz/vendor/laravel/framework/src/Illuminate/Container/Container.php on line 811
[29-Oct-2020 17:09:46 Asia/Dhaka] PHP Fatal error:  Uncaught ReflectionException: Class view does not exist in /home/hrventur/ecom.hrventure.xyz/vendor/laravel/framework/src/Illuminate/Container/Container.php:809
Stack trace:
#0 /home/hrventur/ecom.hrventure.xyz/vendor/laravel/framework/src/Illuminate/Container/Container.php(809): ReflectionClass->__construct('view')
#1 /home/hrventur/ecom.hrventure.xyz/vendor/laravel/framework/src/Illuminate/Container/Container.php(691): Illuminate\Container\Container->build('view')
#2 /home/hrventur/ecom.hrventure.xyz/vendor/laravel/framework/src/Illuminate/Foundation/Application.php(796): Illuminate\Container\Container->resolve('view', Array, true)
#3 /home/hrventur/ecom.hrventure.xyz/vendor/laravel/framework/src/Illuminate/Container/Container.php(637): Illuminate\Foundation\Application->resolve('view', Array)
#4 /home/hrventur/ecom.hrventure.xyz/vendor/laravel/framework/src/Illuminate/Foundation/Application.php(781): Illuminate\Container\Container->make('view', Array)
#5 /home/hrventur/ecom.hrventure.xyz/vendor/laravel/fra in /home/hrventur/ecom.hrventure.xyz/vendor/laravel/framework/src/Illuminate/Container/Container.php on line 811
[29-Oct-2020 17:09:58 Asia/Dhaka] PHP Fatal error:  Uncaught ReflectionException: Class view does not exist in /home/hrventur/ecom.hrventure.xyz/vendor/laravel/framework/src/Illuminate/Container/Container.php:809
Stack trace:
#0 /home/hrventur/ecom.hrventure.xyz/vendor/laravel/framework/src/Illuminate/Container/Container.php(809): ReflectionClass->__construct('view')
#1 /home/hrventur/ecom.hrventure.xyz/vendor/laravel/framework/src/Illuminate/Container/Container.php(691): Illuminate\Container\Container->build('view')
#2 /home/hrventur/ecom.hrventure.xyz/vendor/laravel/framework/src/Illuminate/Foundation/Application.php(796): Illuminate\Container\Container->resolve('view', Array, true)
#3 /home/hrventur/ecom.hrventure.xyz/vendor/laravel/framework/src/Illuminate/Container/Container.php(637): Illuminate\Foundation\Application->resolve('view', Array)
#4 /home/hrventur/ecom.hrventure.xyz/vendor/laravel/framework/src/Illuminate/Foundation/Application.php(781): Illuminate\Container\Container->make('view', Array)
#5 /home/hrventur/ecom.hrventure.xyz/vendor/laravel/fra in /home/hrventur/ecom.hrventure.xyz/vendor/laravel/framework/src/Illuminate/Container/Container.php on line 811
[29-Oct-2020 17:10:00 Asia/Dhaka] PHP Fatal error:  Uncaught ReflectionException: Class view does not exist in /home/hrventur/ecom.hrventure.xyz/vendor/laravel/framework/src/Illuminate/Container/Container.php:809
Stack trace:
#0 /home/hrventur/ecom.hrventure.xyz/vendor/laravel/framework/src/Illuminate/Container/Container.php(809): ReflectionClass->__construct('view')
#1 /home/hrventur/ecom.hrventure.xyz/vendor/laravel/framework/src/Illuminate/Container/Container.php(691): Illuminate\Container\Container->build('view')
#2 /home/hrventur/ecom.hrventure.xyz/vendor/laravel/framework/src/Illuminate/Foundation/Application.php(796): Illuminate\Container\Container->resolve('view', Array, true)
#3 /home/hrventur/ecom.hrventure.xyz/vendor/laravel/framework/src/Illuminate/Container/Container.php(637): Illuminate\Foundation\Application->resolve('view', Array)
#4 /home/hrventur/ecom.hrventure.xyz/vendor/laravel/framework/src/Illuminate/Foundation/Application.php(781): Illuminate\Container\Container->make('view', Array)
#5 /home/hrventur/ecom.hrventure.xyz/vendor/laravel/fra in /home/hrventur/ecom.hrventure.xyz/vendor/laravel/framework/src/Illuminate/Container/Container.php on line 811
[29-Oct-2020 17:10:01 Asia/Dhaka] PHP Fatal error:  Uncaught ReflectionException: Class view does not exist in /home/hrventur/ecom.hrventure.xyz/vendor/laravel/framework/src/Illuminate/Container/Container.php:809
Stack trace:
#0 /home/hrventur/ecom.hrventure.xyz/vendor/laravel/framework/src/Illuminate/Container/Container.php(809): ReflectionClass->__construct('view')
#1 /home/hrventur/ecom.hrventure.xyz/vendor/laravel/framework/src/Illuminate/Container/Container.php(691): Illuminate\Container\Container->build('view')
#2 /home/hrventur/ecom.hrventure.xyz/vendor/laravel/framework/src/Illuminate/Foundation/Application.php(796): Illuminate\Container\Container->resolve('view', Array, true)
#3 /home/hrventur/ecom.hrventure.xyz/vendor/laravel/framework/src/Illuminate/Container/Container.php(637): Illuminate\Foundation\Application->resolve('view', Array)
#4 /home/hrventur/ecom.hrventure.xyz/vendor/laravel/framework/src/Illuminate/Foundation/Application.php(781): Illuminate\Container\Container->make('view', Array)
#5 /home/hrventur/ecom.hrventure.xyz/vendor/laravel/fra in /home/hrventur/ecom.hrventure.xyz/vendor/laravel/framework/src/Illuminate/Container/Container.php on line 811
[27-Nov-2022 16:41:55 Asia/Dhaka] PHP Warning:  require(/home/marufhasan420/public_html/public/../vendor/autoload.php): Failed to open stream: No such file or directory in /home/marufhasan420/public_html/public/index.php on line 34
[27-Nov-2022 16:41:55 Asia/Dhaka] PHP Fatal error:  Uncaught Error: Failed opening required '/home/marufhasan420/public_html/public/../vendor/autoload.php' (include_path='.:/opt/cpanel/ea-php81/root/usr/share/pear') in /home/marufhasan420/public_html/public/index.php:34
Stack trace:
#0 {main}
  thrown in /home/marufhasan420/public_html/public/index.php on line 34
[27-Nov-2022 16:41:59 Asia/Dhaka] PHP Warning:  require(/home/marufhasan420/public_html/public/../vendor/autoload.php): Failed to open stream: No such file or directory in /home/marufhasan420/public_html/public/index.php on line 34
[27-Nov-2022 16:41:59 Asia/Dhaka] PHP Fatal error:  Uncaught Error: Failed opening required '/home/marufhasan420/public_html/public/../vendor/autoload.php' (include_path='.:/opt/cpanel/ea-php81/root/usr/share/pear') in /home/marufhasan420/public_html/public/index.php:34
Stack trace:
#0 {main}
  thrown in /home/marufhasan420/public_html/public/index.php on line 34
[27-Nov-2022 16:42:00 Asia/Dhaka] PHP Warning:  require(/home/marufhasan420/public_html/public/../vendor/autoload.php): Failed to open stream: No such file or directory in /home/marufhasan420/public_html/public/index.php on line 34
[27-Nov-2022 16:42:00 Asia/Dhaka] PHP Fatal error:  Uncaught Error: Failed opening required '/home/marufhasan420/public_html/public/../vendor/autoload.php' (include_path='.:/opt/cpanel/ea-php81/root/usr/share/pear') in /home/marufhasan420/public_html/public/index.php:34
Stack trace:
#0 {main}
  thrown in /home/marufhasan420/public_html/public/index.php on line 34
[27-Nov-2022 16:42:01 Asia/Dhaka] PHP Warning:  require(/home/marufhasan420/public_html/public/../vendor/autoload.php): Failed to open stream: No such file or directory in /home/marufhasan420/public_html/public/index.php on line 34
[27-Nov-2022 16:42:01 Asia/Dhaka] PHP Fatal error:  Uncaught Error: Failed opening required '/home/marufhasan420/public_html/public/../vendor/autoload.php' (include_path='.:/opt/cpanel/ea-php81/root/usr/share/pear') in /home/marufhasan420/public_html/public/index.php:34
Stack trace:
#0 {main}
  thrown in /home/marufhasan420/public_html/public/index.php on line 34
[27-Nov-2022 16:42:01 Asia/Dhaka] PHP Warning:  require(/home/marufhasan420/public_html/public/../vendor/autoload.php): Failed to open stream: No such file or directory in /home/marufhasan420/public_html/public/index.php on line 34
[27-Nov-2022 16:42:01 Asia/Dhaka] PHP Fatal error:  Uncaught Error: Failed opening required '/home/marufhasan420/public_html/public/../vendor/autoload.php' (include_path='.:/opt/cpanel/ea-php81/root/usr/share/pear') in /home/marufhasan420/public_html/public/index.php:34
Stack trace:
#0 {main}
  thrown in /home/marufhasan420/public_html/public/index.php on line 34
[27-Nov-2022 16:42:02 Asia/Dhaka] PHP Warning:  require(/home/marufhasan420/public_html/public/../vendor/autoload.php): Failed to open stream: No such file or directory in /home/marufhasan420/public_html/public/index.php on line 34
[27-Nov-2022 16:42:02 Asia/Dhaka] PHP Fatal error:  Uncaught Error: Failed opening required '/home/marufhasan420/public_html/public/../vendor/autoload.php' (include_path='.:/opt/cpanel/ea-php81/root/usr/share/pear') in /home/marufhasan420/public_html/public/index.php:34
Stack trace:
#0 {main}
  thrown in /home/marufhasan420/public_html/public/index.php on line 34
[27-Nov-2022 16:42:02 Asia/Dhaka] PHP Warning:  require(/home/marufhasan420/public_html/public/../vendor/autoload.php): Failed to open stream: No such file or directory in /home/marufhasan420/public_html/public/index.php on line 34
[27-Nov-2022 16:42:02 Asia/Dhaka] PHP Fatal error:  Uncaught Error: Failed opening required '/home/marufhasan420/public_html/public/../vendor/autoload.php' (include_path='.:/opt/cpanel/ea-php81/root/usr/share/pear') in /home/marufhasan420/public_html/public/index.php:34
Stack trace:
#0 {main}
  thrown in /home/marufhasan420/public_html/public/index.php on line 34
[27-Nov-2022 17:02:54 Asia/Dhaka] PHP Deprecated:  Optional parameter $paper declared before required parameter $dompdf is implicitly treated as a required parameter in /home/marufhasan420/public_html/vendor/dompdf/dompdf/src/Adapter/CPDF.php on line 183
[27-Nov-2022 17:02:54 Asia/Dhaka] PHP Deprecated:  Optional parameter $orientation declared before required parameter $dompdf is implicitly treated as a required parameter in /home/marufhasan420/public_html/vendor/dompdf/dompdf/src/Adapter/CPDF.php on line 183
[27-Nov-2022 17:02:54 Asia/Dhaka] PHP Deprecated:  Optional parameter $paper declared before required parameter $dompdf is implicitly treated as a required parameter in /home/marufhasan420/public_html/vendor/dompdf/dompdf/src/Canvas.php on line 27
[27-Nov-2022 17:02:54 Asia/Dhaka] PHP Deprecated:  Optional parameter $orientation declared before required parameter $dompdf is implicitly treated as a required parameter in /home/marufhasan420/public_html/vendor/dompdf/dompdf/src/Canvas.php on line 27
[27-Nov-2022 17:02:54 Asia/Dhaka] PHP Deprecated:  Optional parameter $w declared before required parameter $img is implicitly treated as a required parameter in /home/marufhasan420/public_html/vendor/dompdf/dompdf/lib/Cpdf.php on line 5546
[27-Nov-2022 17:02:54 Asia/Dhaka] PHP Deprecated:  Optional parameter $h declared before required parameter $img is implicitly treated as a required parameter in /home/marufhasan420/public_html/vendor/dompdf/dompdf/lib/Cpdf.php on line 5546
[27-Nov-2022 17:02:54 Asia/Dhaka] PHP Deprecated:  Optional parameter $w declared before required parameter $data is implicitly treated as a required parameter in /home/marufhasan420/public_html/vendor/dompdf/dompdf/lib/Cpdf.php on line 5892
[27-Nov-2022 17:02:54 Asia/Dhaka] PHP Deprecated:  Optional parameter $h declared before required parameter $data is implicitly treated as a required parameter in /home/marufhasan420/public_html/vendor/dompdf/dompdf/lib/Cpdf.php on line 5892
[27-Nov-2022 17:02:54 Asia/Dhaka] PHP Deprecated:  Optional parameter $w declared before required parameter $imgname is implicitly treated as a required parameter in /home/marufhasan420/public_html/vendor/dompdf/dompdf/lib/Cpdf.php on line 6236
[27-Nov-2022 17:02:54 Asia/Dhaka] PHP Deprecated:  Optional parameter $h declared before required parameter $imgname is implicitly treated as a required parameter in /home/marufhasan420/public_html/vendor/dompdf/dompdf/lib/Cpdf.php on line 6236
[27-Nov-2022 17:02:54 Asia/Dhaka] PHP Deprecated:  Optional parameter $channels declared before required parameter $imgname is implicitly treated as a required parameter in /home/marufhasan420/public_html/vendor/dompdf/dompdf/lib/Cpdf.php on line 6236
[27-Nov-2022 17:02:59 Asia/Dhaka] PHP Deprecated:  Optional parameter $corner_style declared before required parameter $pattern_name is implicitly treated as a required parameter in /home/marufhasan420/public_html/vendor/dompdf/dompdf/src/Renderer/AbstractRenderer.php on line 848
